<?xml version="1.0" encoding="UTF-8"?>
<!-- Generated by org.testng.reporters.JUnitReportReporter -->
<testsuite hostname="DESKTOP-U83U5RO" name="S3Aws.S3Aws.RWD" tests="1" failures="0" timestamp="19 Jul 2020 09:07:37 GMT" time="4.652" errors="0">
  <testcase name="testingRemote" time="4.652" classname="S3Aws.S3Aws.RWD"/>
</testsuite> <!-- S3Aws.S3Aws.RWD -->
