<?xml version="1.0" encoding="UTF-8"?>
<!-- Generated by org.testng.reporters.JUnitReportReporter -->
<testsuite hostname="DESKTOP-U83U5RO" name="S3Aws.S3Aws.RWD" tests="1" failures="0" timestamp="19 Jul 2020 07:18:15 GMT" time="10.405" errors="0">
  <testcase name="testingRemote" time="10.405" classname="S3Aws.S3Aws.RWD"/>
</testsuite> <!-- S3Aws.S3Aws.RWD -->
